{"/home/nboyd/Flatiron2/summative/CLI-summative-TriviaGame/src/countdown.js": {"path":"/home/nboyd/Flatiron2/summative/CLI-summative-TriviaGame/src/countdown.js","statementMap":{"0":{"start":{"line":16,"column":24},"end":{"line":16,"column":33}},"1":{"start":{"line":18,"column":20},"end":{"line":25,"column":16}},"2":{"start":{"line":19,"column":8},"end":{"line":19,"column":35}},"3":{"start":{"line":20,"column":8},"end":{"line":20,"column":24}},"4":{"start":{"line":22,"column":8},"end":{"line":24,"column":9}},"5":{"start":{"line":23,"column":12},"end":{"line":23,"column":35}},"6":{"start":{"line":27,"column":4},"end":{"line":27,"column":19}},"7":{"start":{"line":30,"column":0},"end":{"line":30,"column":36}}},"fnMap":{"0":{"name":"countdownTimer","decl":{"start":{"line":15,"column":9},"end":{"line":15,"column":23}},"loc":{"start":{"line":15,"column":45},"end":{"line":28,"column":1}},"line":15},"1":{"name":"(anonymous_1)","decl":{"start":{"line":18,"column":32},"end":{"line":18,"column":33}},"loc":{"start":{"line":18,"column":38},"end":{"line":25,"column":5}},"line":18}},"branchMap":{"0":{"loc":{"start":{"line":22,"column":8},"end":{"line":24,"column":9}},"type":"if","locations":[{"start":{"line":22,"column":8},"end":{"line":24,"column":9}},{"start":{},"end":{}}],"line":22}},"s":{"0":1,"1":1,"2":5,"3":5,"4":5,"5":1,"6":1,"7":1},"f":{"0":1,"1":5},"b":{"0":[1,4]},"_coverageSchema":"1a1c01bbd47fc00a2c39e90264f33305004495a9","hash":"674d95b5ef0e391e339f71c88af05b742a7cea77"}
,"/home/nboyd/Flatiron2/summative/CLI-summative-TriviaGame/src/recurringTimer.js": {"path":"/home/nboyd/Flatiron2/summative/CLI-summative-TriviaGame/src/recurringTimer.js","statementMap":{"0":{"start":{"line":27,"column":20},"end":{"line":29,"column":16}},"1":{"start":{"line":28,"column":8},"end":{"line":28,"column":29}},"2":{"start":{"line":31,"column":4},"end":{"line":31,"column":19}},"3":{"start":{"line":35,"column":4},"end":{"line":35,"column":27}},"4":{"start":{"line":38,"column":0},"end":{"line":38,"column":56}}},"fnMap":{"0":{"name":"recurringTimer","decl":{"start":{"line":26,"column":9},"end":{"line":26,"column":23}},"loc":{"start":{"line":26,"column":43},"end":{"line":32,"column":1}},"line":26},"1":{"name":"(anonymous_1)","decl":{"start":{"line":27,"column":32},"end":{"line":27,"column":33}},"loc":{"start":{"line":27,"column":38},"end":{"line":29,"column":5}},"line":27},"2":{"name":"stopRecurringTimer","decl":{"start":{"line":34,"column":9},"end":{"line":34,"column":27}},"loc":{"start":{"line":34,"column":37},"end":{"line":36,"column":1}},"line":34}},"branchMap":{},"s":{"0":2,"1":6,"2":2,"3":2,"4":1},"f":{"0":2,"1":6,"2":2},"b":{},"_coverageSchema":"1a1c01bbd47fc00a2c39e90264f33305004495a9","hash":"c58bb6be5d6692174d6428ca9a0eae520d5c29ff"}
,"/home/nboyd/Flatiron2/summative/CLI-summative-TriviaGame/src/reminder.js": {"path":"/home/nboyd/Flatiron2/summative/CLI-summative-TriviaGame/src/reminder.js","statementMap":{"0":{"start":{"line":2,"column":4},"end":{"line":7,"column":6}},"1":{"start":{"line":3,"column":8},"end":{"line":6,"column":17}},"2":{"start":{"line":4,"column":12},"end":{"line":4,"column":32}},"3":{"start":{"line":5,"column":12},"end":{"line":5,"column":21}},"4":{"start":{"line":10,"column":0},"end":{"line":10,"column":36}}},"fnMap":{"0":{"name":"delayedReminder","decl":{"start":{"line":1,"column":9},"end":{"line":1,"column":24}},"loc":{"start":{"line":1,"column":41},"end":{"line":8,"column":1}},"line":1},"1":{"name":"(anonymous_1)","decl":{"start":{"line":2,"column":23},"end":{"line":2,"column":24}},"loc":{"start":{"line":2,"column":36},"end":{"line":7,"column":5}},"line":2},"2":{"name":"(anonymous_2)","decl":{"start":{"line":3,"column":19},"end":{"line":3,"column":20}},"loc":{"start":{"line":3,"column":25},"end":{"line":6,"column":9}},"line":3}},"branchMap":{},"s":{"0":1,"1":1,"2":1,"3":1,"4":1},"f":{"0":1,"1":1,"2":1},"b":{},"_coverageSchema":"1a1c01bbd47fc00a2c39e90264f33305004495a9","hash":"0e12d99260e26a507c235c0aa7763e38dd5f53c6"}
}
