TN:
SF:src/countdown.js
FN:15,countdownTimer
FN:18,(anonymous_1)
FNF:2
FNH:2
FNDA:1,countdownTimer
FNDA:5,(anonymous_1)
DA:16,1
DA:18,1
DA:19,5
DA:20,5
DA:22,5
DA:23,1
DA:27,1
DA:30,1
LF:8
LH:8
BRDA:22,0,0,1
BRDA:22,0,1,4
BRF:2
BRH:2
end_of_record
TN:
SF:src/recurringTimer.js
FN:26,recurringTimer
FN:27,(anonymous_1)
FN:34,stopRecurringTimer
FNF:3
FNH:3
FNDA:2,recurringTimer
FNDA:6,(anonymous_1)
FNDA:2,stopRecurringTimer
DA:27,2
DA:28,6
DA:31,2
DA:35,2
DA:38,1
LF:5
LH:5
BRF:0
BRH:0
end_of_record
TN:
SF:src/reminder.js
FN:1,delayedReminder
FN:2,(anonymous_1)
FN:3,(anonymous_2)
FNF:3
FNH:3
FNDA:1,delayedReminder
FNDA:1,(anonymous_1)
FNDA:1,(anonymous_2)
DA:2,1
DA:3,1
DA:4,1
DA:5,1
DA:10,1
LF:5
LH:5
BRF:0
BRH:0
end_of_record
